HEAD is now at 063091d bump version to 1.0.1-3
dpkg-buildpackage: info: source package fonts-font-logos-build-deps
dpkg-buildpackage: info: source version 1.0.1-3
dpkg-buildpackage: info: source distribution unstable
dpkg-buildpackage: info: source changed by Equivs Dummy Package Generator <root@bc7499769d45>
 dpkg-source --before-build .
dpkg-buildpackage: info: host architecture amd64
 debian/rules clean
dh clean
   dh_clean
 debian/rules binary
dh binary
   dh_update_autotools_config
   dh_autoreconf
   create-stamp debian/debhelper-build-stamp
   dh_prep
   dh_auto_install --destdir=debian/fonts-font-logos-build-deps/
   dh_install
   dh_installdocs
   dh_installchangelogs
   dh_perl
   dh_link
   dh_strip_nondeterminism
   dh_compress
   dh_fixperms
   dh_missing
   dh_installdeb
   dh_gencontrol
   dh_md5sums
   dh_builddeb
dpkg-deb: building package 'fonts-font-logos-build-deps' in '../fonts-font-logos-build-deps_1.0.1-3_all.deb'.
 dpkg-genbuildinfo --build=binary -O../fonts-font-logos-build-deps_1.0.1-3_amd64.buildinfo
 dpkg-genchanges --build=binary -O../fonts-font-logos-build-deps_1.0.1-3_amd64.changes
dpkg-genchanges: info: binary-only upload (no source code included)
 dpkg-source --after-build .
dpkg-buildpackage: info: binary-only upload (no source included)

The package has been created.
Attention, the package has been created in the current directory,
not in ".." as indicated by the message above!
Selecting previously unselected package fonts-font-logos-build-deps.
(Reading database ... 84986 files and directories currently installed.)
Preparing to unpack fonts-font-logos-build-deps_1.0.1-3_all.deb ...
Unpacking fonts-font-logos-build-deps (1.0.1-3) ...
Reading package lists...
Building dependency tree...
Reading state information...
Starting pkgProblemResolver with broken count: 0
Starting 2 pkgProblemResolver with broken count: 0
Done
0 upgraded, 0 newly installed, 0 to remove and 0 not upgraded.
1 not fully installed or removed.
After this operation, 0 B of additional disk space will be used.
Setting up fonts-font-logos-build-deps (1.0.1-3) ...
rm -rf fonts-font-logos-1.0.1 fonts-font-logos-1.0.1.tmp
cp -a src fonts-font-logos-1.0.1.tmp
cp -a debian/ fonts-font-logos-1.0.1.tmp/debian
echo "git clone git://git.proxmox.com/git/fonts-font-logos.git\\ngit checkout $(git rev-parse HEAD)" > fonts-font-logos-1.0.1.tmp/debian/SOURCE
mv fonts-font-logos-1.0.1.tmp fonts-font-logos-1.0.1
cd fonts-font-logos-1.0.1; dpkg-buildpackage -d -b -us -uc
dpkg-buildpackage: info: source package fonts-font-logos
dpkg-buildpackage: info: source version 1.0.1-3
dpkg-buildpackage: info: source distribution bookworm
dpkg-buildpackage: info: source changed by Proxmox Support Team <support@proxmox.com>
 dpkg-source --before-build .
dpkg-buildpackage: info: host architecture amd64
 debian/rules clean
make[1]: Entering directory '/workspaces/src/fonts-font-logos/fonts-font-logos-1.0.1'
dh clean
   dh_clean
make[1]: Leaving directory '/workspaces/src/fonts-font-logos/fonts-font-logos-1.0.1'
 debian/rules binary
make[1]: Entering directory '/workspaces/src/fonts-font-logos/fonts-font-logos-1.0.1'
dh binary
   dh_update_autotools_config
   dh_autoreconf
   create-stamp debian/debhelper-build-stamp
   dh_prep
   dh_auto_install --destdir=debian/fonts-font-logos/
   dh_install
   dh_installdocs
   dh_installchangelogs
   dh_perl
   dh_link
   dh_strip_nondeterminism
   dh_compress
   dh_fixperms
   dh_missing
   dh_installdeb
   dh_gencontrol
   dh_md5sums
   dh_builddeb
dpkg-deb: building package 'fonts-font-logos' in '../fonts-font-logos_1.0.1-3_all.deb'.
make[1]: Leaving directory '/workspaces/src/fonts-font-logos/fonts-font-logos-1.0.1'
 dpkg-genbuildinfo --build=binary -O../fonts-font-logos_1.0.1-3_amd64.buildinfo
 dpkg-genchanges --build=binary -O../fonts-font-logos_1.0.1-3_amd64.changes
dpkg-genchanges: info: binary-only upload (no source code included)
 dpkg-source --after-build .
dpkg-buildpackage: info: binary-only upload (no source included)
: # lintian disabled for cross build
dpkg-scanpackages: warning: Packages in archive but missing from override file:
dpkg-scanpackages: warning:   fonts-font-logos proxmox-archive-keyring
dpkg-scanpackages: info: Wrote 2 entries to output Packages file.
Ign:1 file:/workspaces/pve/out/arm64 ./ InRelease
Ign:2 file:/workspaces/pve/out/arm64 ./ Release
Get:3 file:/workspaces/pve/out/arm64 ./ Packages
Err:3 file:/workspaces/pve/out/arm64 ./ Packages
  Read error - read (21: Is a directory)
Get:3 file:/workspaces/pve/out/arm64 ./ Packages
Err:3 file:/workspaces/pve/out/arm64 ./ Packages
  Read error - read (21: Is a directory)
Get:3 file:/workspaces/pve/out/arm64 ./ Packages
Err:3 file:/workspaces/pve/out/arm64 ./ Packages
  Read error - read (21: Is a directory)
Get:3 file:/workspaces/pve/out/arm64 ./ Packages [725 B]
Hit:4 http://chinanet.mirrors.ustc.edu.cn/debian trixie InRelease
Hit:5 http://chinanet.mirrors.ustc.edu.cn/debian trixie-updates InRelease
Hit:6 https://chinanet.mirrors.ustc.edu.cn/proxmox/debian/devel trixie InRelease
Hit:7 http://chinanet.mirrors.ustc.edu.cn/debian-security trixie-security InRelease
Reading package lists...
W: Symlinking file  to /var/lib/apt/lists/partial/_workspaces_pve_out_arm64_._Packages.xz failed - pkgAcqIndex::StageDownloadDone (2: No such file or directory)
W: Symlinking file  to /var/lib/apt/lists/partial/_workspaces_pve_out_arm64_._Packages.bz2 failed - pkgAcqIndex::StageDownloadDone (2: No such file or directory)
W: Symlinking file  to /var/lib/apt/lists/partial/_workspaces_pve_out_arm64_._Packages.lzma failed - pkgAcqIndex::StageDownloadDone (2: No such file or directory)
