HEAD is now at 1890911 bump version to 7.0.0-5
dpkg-buildpackage: info: source package libjs-extjs-build-deps
dpkg-buildpackage: info: source version 7.0.0-5
dpkg-buildpackage: info: source distribution unstable
dpkg-buildpackage: info: source changed by Equivs Dummy Package Generator <root@bc7499769d45>
 dpkg-source --before-build .
dpkg-buildpackage: info: host architecture amd64
 debian/rules clean
dh clean
   dh_clean
 debian/rules binary
dh binary
   dh_update_autotools_config
   dh_autoreconf
   create-stamp debian/debhelper-build-stamp
   dh_prep
   dh_auto_install --destdir=debian/libjs-extjs-build-deps/
   dh_install
   dh_installdocs
   dh_installchangelogs
   dh_perl
   dh_link
   dh_strip_nondeterminism
   dh_compress
   dh_fixperms
   dh_missing
   dh_installdeb
   dh_gencontrol
   dh_md5sums
   dh_builddeb
dpkg-deb: building package 'libjs-extjs-build-deps' in '../libjs-extjs-build-deps_7.0.0-5_all.deb'.
 dpkg-genbuildinfo --build=binary -O../libjs-extjs-build-deps_7.0.0-5_amd64.buildinfo
 dpkg-genchanges --build=binary -O../libjs-extjs-build-deps_7.0.0-5_amd64.changes
dpkg-genchanges: info: binary-only upload (no source code included)
 dpkg-source --after-build .
dpkg-buildpackage: info: binary-only upload (no source included)

The package has been created.
Attention, the package has been created in the current directory,
not in ".." as indicated by the message above!
Selecting previously unselected package libjs-extjs-build-deps.
(Reading database ... 85707 files and directories currently installed.)
Preparing to unpack libjs-extjs-build-deps_7.0.0-5_all.deb ...
Unpacking libjs-extjs-build-deps (7.0.0-5) ...
Reading package lists...
Building dependency tree...
Reading state information...
Starting pkgProblemResolver with broken count: 0
Starting 2 pkgProblemResolver with broken count: 0
Done
0 upgraded, 0 newly installed, 0 to remove and 0 not upgraded.
1 not fully installed or removed.
After this operation, 0 B of additional disk space will be used.
Setting up libjs-extjs-build-deps (7.0.0-5) ...
rm -rf libjs-extjs-7.0.0 libjs-extjs-7.0.0.tmp && mkdir -p libjs-extjs-7.0.0.tmp/extjs
cp -a debian/ libjs-extjs-7.0.0.tmp/debian
cp -a extjs/build/ libjs-extjs-7.0.0.tmp/extjs/build
echo "git clone git://git.proxmox.com/git/extjs.git\\ngit checkout $(git rev-parse HEAD)" > libjs-extjs-7.0.0.tmp/debian/SOURCE
mv libjs-extjs-7.0.0.tmp libjs-extjs-7.0.0
cd libjs-extjs-7.0.0; dpkg-buildpackage -d -b -us -uc
dpkg-buildpackage: info: source package libjs-extjs
dpkg-buildpackage: info: source version 7.0.0-5
dpkg-buildpackage: info: source distribution bookworm
dpkg-buildpackage: info: source changed by Proxmox Support Team <support@proxmox.com>
dpkg-buildpackage: warning: debian/rules is not executable; fixing that
 dpkg-source --before-build .
dpkg-buildpackage: info: host architecture amd64
dpkg-source: info: using patch list from debian/patches/series
dpkg-source: info: applying 0001-improve-french-locale.patch
 debian/rules clean
make[1]: Entering directory '/workspaces/src/extjs/libjs-extjs-7.0.0'
dh clean
   dh_clean
make[1]: Leaving directory '/workspaces/src/extjs/libjs-extjs-7.0.0'
 debian/rules binary
make[1]: Entering directory '/workspaces/src/extjs/libjs-extjs-7.0.0'
dh binary
   dh_update_autotools_config
   dh_autoreconf
dh: command-omitted: The call to "debian/rules override_dh_auto_test" was omitted due to "DEB_BUILD_OPTIONS=nocheck"
   create-stamp debian/debhelper-build-stamp
   dh_prep
   dh_auto_install --destdir=debian/libjs-extjs/
   dh_install
   dh_installdocs
   dh_installchangelogs
   dh_lintian
   dh_perl
   dh_link
   dh_strip_nondeterminism
   dh_compress
   dh_fixperms
   dh_missing
   dh_installdeb
   dh_gencontrol
   dh_md5sums
   dh_builddeb
dpkg-deb: building package 'libjs-extjs' in '../libjs-extjs_7.0.0-5_all.deb'.
make[1]: Leaving directory '/workspaces/src/extjs/libjs-extjs-7.0.0'
 dpkg-genbuildinfo --build=binary -O../libjs-extjs_7.0.0-5_amd64.buildinfo
 dpkg-genchanges --build=binary -O../libjs-extjs_7.0.0-5_amd64.changes
dpkg-genchanges: info: binary-only upload (no source code included)
 dpkg-source --after-build .
dpkg-source: info: unapplying 0001-improve-french-locale.patch
dpkg-buildpackage: info: binary-only upload (no source included)
: # lintian disabled for cross build
dpkg-scanpackages: warning: Packages in archive but missing from override file:
dpkg-scanpackages: warning:   fonts-font-logos libjs-extjs libjs-qrcodejs proxmox-archive-keyring
dpkg-scanpackages: info: Wrote 4 entries to output Packages file.
Ign:1 file:/workspaces/pve/out/arm64 ./ InRelease
Ign:2 file:/workspaces/pve/out/arm64 ./ Release
Get:3 file:/workspaces/pve/out/arm64 ./ Packages
Err:3 file:/workspaces/pve/out/arm64 ./ Packages
  Read error - read (21: Is a directory)
Get:3 file:/workspaces/pve/out/arm64 ./ Packages
Err:3 file:/workspaces/pve/out/arm64 ./ Packages
  Read error - read (21: Is a directory)
Get:3 file:/workspaces/pve/out/arm64 ./ Packages
Err:3 file:/workspaces/pve/out/arm64 ./ Packages
  Read error - read (21: Is a directory)
Get:3 file:/workspaces/pve/out/arm64 ./ Packages [1174 B]
Hit:4 http://chinanet.mirrors.ustc.edu.cn/debian trixie InRelease
Hit:5 http://chinanet.mirrors.ustc.edu.cn/debian trixie-updates InRelease
Hit:6 https://chinanet.mirrors.ustc.edu.cn/proxmox/debian/devel trixie InRelease
Hit:7 http://chinanet.mirrors.ustc.edu.cn/debian-security trixie-security InRelease
Reading package lists...
W: Symlinking file  to /var/lib/apt/lists/partial/_workspaces_pve_out_arm64_._Packages.xz failed - pkgAcqIndex::StageDownloadDone (2: No such file or directory)
W: Symlinking file  to /var/lib/apt/lists/partial/_workspaces_pve_out_arm64_._Packages.bz2 failed - pkgAcqIndex::StageDownloadDone (2: No such file or directory)
W: Symlinking file  to /var/lib/apt/lists/partial/_workspaces_pve_out_arm64_._Packages.lzma failed - pkgAcqIndex::StageDownloadDone (2: No such file or directory)
