HEAD is now at 45bcd28 bump version to 7.0.0-pve1
Removing lxcfs-7.0.0/
dpkg-buildpackage: info: source package lxcfs-cross-build-deps-depends
dpkg-buildpackage: info: source version 7.0.0-pve1
dpkg-buildpackage: info: source distribution unstable
dpkg-buildpackage: info: source changed by Equivs Dummy Package Generator <root@148d306fa492>
dpkg-architecture: warning: specified GNU system type aarch64-linux-gnu does not match CC system type x86_64-linux-gnu, try setting a correct CC environment variable
 dpkg-source --before-build .
dpkg-buildpackage: info: host architecture arm64
 debian/rules clean
dh clean
dh: warning: Running tests during cross-builds is not supported in the general case (except for special cases or by
dh: warning: using emulation)
dh: warning: If the build fails, please consider rebuilding with DEB_BUILD_OPTIONS=nocheck.
dh: warning: Additionally, you might have to set the "cross" profile.  For dpkg-buildpackage, you do this by
dh: warning: passing the -Pcross option. Check the documentation of your build tool for how to set
dh: warning: DEB_BUILD_PROFILES if you use another build tool that does not auto-configure cross-building for you
dh: warning: If you have setup the relevant support for running cross-compiled binaries and want to silence this
dh: warning: warning, please use DEB_BUILD_OPTIONS=crossbuildcanrunhostbinaries
   dh_clean
 debian/rules binary
dh binary
dh: warning: Running tests during cross-builds is not supported in the general case (except for special cases or by
dh: warning: using emulation)
dh: warning: If the build fails, please consider rebuilding with DEB_BUILD_OPTIONS=nocheck.
dh: warning: Additionally, you might have to set the "cross" profile.  For dpkg-buildpackage, you do this by
dh: warning: passing the -Pcross option. Check the documentation of your build tool for how to set
dh: warning: DEB_BUILD_PROFILES if you use another build tool that does not auto-configure cross-building for you
dh: warning: If you have setup the relevant support for running cross-compiled binaries and want to silence this
dh: warning: warning, please use DEB_BUILD_OPTIONS=crossbuildcanrunhostbinaries
   dh_update_autotools_config
   dh_autoreconf
   create-stamp debian/debhelper-build-stamp
   dh_prep
   dh_auto_install --destdir=debian/lxcfs-cross-build-deps-depends/
   dh_install
   dh_installdocs
   dh_installchangelogs
   dh_perl
   dh_link
   dh_strip_nondeterminism
   dh_compress
   dh_fixperms
   dh_missing
   dh_dwz
   dh_strip
   dh_makeshlibs
   dh_shlibdeps
   dh_installdeb
   dh_gencontrol
   dh_md5sums
   dh_builddeb
dpkg-deb: building package 'lxcfs-cross-build-deps-depends' in '../lxcfs-cross-build-deps-depends_7.0.0-pve1_arm64.deb'.
 dpkg-genbuildinfo --build=binary -O../lxcfs-cross-build-deps-depends_7.0.0-pve1_arm64.buildinfo
 dpkg-genchanges --build=binary -O../lxcfs-cross-build-deps-depends_7.0.0-pve1_arm64.changes
dpkg-genchanges: info: binary-only upload (no source code included)
 dpkg-source --after-build .
dpkg-buildpackage: info: binary-only upload (no source included)

The package has been created.
Attention, the package has been created in the current directory,
not in ".." as indicated by the message above!
(Reading database ... 113221 files and directories currently installed.)
Preparing to unpack lxcfs-cross-build-deps-depends_7.0.0-pve1_arm64.deb ...
Unpacking lxcfs-cross-build-deps-depends:arm64 (7.0.0-pve1) over (7.0.0-pve1) ...
Reading package lists...
Building dependency tree...
Reading state information...
Starting pkgProblemResolver with broken count: 0
Starting 2 pkgProblemResolver with broken count: 0
Done
0 upgraded, 0 newly installed, 0 to remove and 2 not upgraded.
1 not fully installed or removed.
After this operation, 0 B of additional disk space will be used.
Setting up lxcfs-cross-build-deps-depends:arm64 (7.0.0-pve1) ...
test -f "lxcfs/README" || git submodule update --init
rm -rf lxcfs-7.0.0
mkdir lxcfs-7.0.0
cp -t lxcfs-7.0.0 -a lxcfs/. debian
echo "git clone git://git.proxmox.com/git/lxcfs.git\\ngit checkout 45bcd28af8aa11df7b8523e447d507d5911af435" > lxcfs-7.0.0/debian/SOURCE
cd lxcfs-7.0.0; dpkg-buildpackage -d -rfakeroot -b -us -uc
dpkg-buildpackage: info: source package lxcfs
dpkg-buildpackage: info: source version 7.0.0-pve1
dpkg-buildpackage: info: source distribution trixie
dpkg-buildpackage: info: source changed by Proxmox Support Team <support@proxmox.com>
 dpkg-source --before-build .
dpkg-buildpackage: info: host architecture arm64
dpkg-source: info: using patch list from debian/patches/series
dpkg-source: info: applying do-not-start-without-lxcfs.patch
dpkg-source: info: applying 0001-hide-proc-pressure-when-running-in-an-old-daemon.patch
 debian/rules clean
make[1]: Entering directory '/workspaces/src/lxcfs/lxcfs-7.0.0'
dh clean
   debian/rules override_dh_auto_clean
make[2]: Entering directory '/workspaces/src/lxcfs/lxcfs-7.0.0'
rm -fr build
make[2]: Leaving directory '/workspaces/src/lxcfs/lxcfs-7.0.0'
   dh_clean
make[1]: Leaving directory '/workspaces/src/lxcfs/lxcfs-7.0.0'
 debian/rules binary
make[1]: Entering directory '/workspaces/src/lxcfs/lxcfs-7.0.0'
dh binary
   dh_update_autotools_config
   dh_autoreconf
   debian/rules override_dh_auto_configure
make[2]: Entering directory '/workspaces/src/lxcfs/lxcfs-7.0.0'
mkdir -p build
cd build && meson .. --prefix=/usr \
	-Dinit-script=systemd \
	-Dfuse-version=3
The Meson build system
Version: 1.7.0
Source dir: /workspaces/src/lxcfs/lxcfs-7.0.0
Build dir: /workspaces/src/lxcfs/lxcfs-7.0.0/build
Build type: native build
Project name: lxcfs
Project version: 7.0.0

../meson.build:4:0: ERROR: Could not invoke sanity test executable: [Errno 8] Exec format error: '/workspaces/src/lxcfs/lxcfs-7.0.0/build/meson-private/sanitycheckc.exe'.

A full log can be found at /workspaces/src/lxcfs/lxcfs-7.0.0/build/meson-logs/meson-log.txt
WARNING: Running the setup command as `meson [options]` instead of `meson setup [options]` is ambiguous and deprecated.
make[2]: *** [debian/rules:14: override_dh_auto_configure] Error 1
make[2]: Leaving directory '/workspaces/src/lxcfs/lxcfs-7.0.0'
make[1]: *** [debian/rules:7: binary] Error 2
make[1]: Leaving directory '/workspaces/src/lxcfs/lxcfs-7.0.0'
dpkg-buildpackage: error: debian/rules binary subprocess returned exit status 2
make: *** [Makefile:33: lxcfs_7.0.0-pve1_arm64.deb] Error 2
