HEAD is now at 410afbc use io::Error::other
dpkg-buildpackage: info: source package pve-lxc-syscalld-cross-build-deps-depends
dpkg-buildpackage: info: source version 2.0.2
dpkg-buildpackage: info: source distribution unstable
dpkg-buildpackage: info: source changed by Equivs Dummy Package Generator <root@bc7499769d45>
dpkg-architecture: warning: specified GNU system type aarch64-linux-gnu does not match CC system type x86_64-linux-gnu, try setting a correct CC environment variable
 dpkg-source --before-build .
dpkg-buildpackage: info: host architecture arm64
 debian/rules clean
dh clean
dh: warning: Running tests during cross-builds is not supported in the general case (except for special cases or by
dh: warning: using emulation)
dh: warning: If the build fails, please consider rebuilding with DEB_BUILD_OPTIONS=nocheck.
dh: warning: Additionally, you might have to set the "cross" profile.  For dpkg-buildpackage, you do this by
dh: warning: passing the -Pcross option. Check the documentation of your build tool for how to set
dh: warning: DEB_BUILD_PROFILES if you use another build tool that does not auto-configure cross-building for you
dh: warning: If you have setup the relevant support for running cross-compiled binaries and want to silence this
dh: warning: warning, please use DEB_BUILD_OPTIONS=crossbuildcanrunhostbinaries
   dh_clean
 debian/rules binary
dh binary
dh: warning: Running tests during cross-builds is not supported in the general case (except for special cases or by
dh: warning: using emulation)
dh: warning: If the build fails, please consider rebuilding with DEB_BUILD_OPTIONS=nocheck.
dh: warning: Additionally, you might have to set the "cross" profile.  For dpkg-buildpackage, you do this by
dh: warning: passing the -Pcross option. Check the documentation of your build tool for how to set
dh: warning: DEB_BUILD_PROFILES if you use another build tool that does not auto-configure cross-building for you
dh: warning: If you have setup the relevant support for running cross-compiled binaries and want to silence this
dh: warning: warning, please use DEB_BUILD_OPTIONS=crossbuildcanrunhostbinaries
   dh_update_autotools_config
   dh_autoreconf
   create-stamp debian/debhelper-build-stamp
   dh_prep
   dh_auto_install --destdir=debian/pve-lxc-syscalld-cross-build-deps-depends/
   dh_install
   dh_installdocs
   dh_installchangelogs
   dh_perl
   dh_link
   dh_strip_nondeterminism
   dh_compress
   dh_fixperms
   dh_missing
   dh_dwz
   dh_strip
   dh_makeshlibs
   dh_shlibdeps
   dh_installdeb
   dh_gencontrol
   dh_md5sums
   dh_builddeb
dpkg-deb: building package 'pve-lxc-syscalld-cross-build-deps-depends' in '../pve-lxc-syscalld-cross-build-deps-depends_2.0.2_arm64.deb'.
 dpkg-genbuildinfo --build=binary -O../pve-lxc-syscalld-cross-build-deps-depends_2.0.2_arm64.buildinfo
 dpkg-genchanges --build=binary -O../pve-lxc-syscalld-cross-build-deps-depends_2.0.2_arm64.changes
dpkg-genchanges: info: binary-only upload (no source code included)
 dpkg-source --after-build .
dpkg-buildpackage: info: binary-only upload (no source included)

The package has been created.
Attention, the package has been created in the current directory,
not in ".." as indicated by the message above!
Selecting previously unselected package pve-lxc-syscalld-cross-build-deps-depends:arm64.
(Reading database ... 98877 files and directories currently installed.)
Preparing to unpack pve-lxc-syscalld-cross-build-deps-depends_2.0.2_arm64.deb ...
Unpacking pve-lxc-syscalld-cross-build-deps-depends:arm64 (2.0.2) ...
Reading package lists...
Building dependency tree...
Reading state information...
Starting pkgProblemResolver with broken count: 0
Starting 2 pkgProblemResolver with broken count: 0
Done
The following packages were automatically installed and are no longer required:
  gir1.2-freedesktop:arm64 gir1.2-freedesktop-dev:arm64
  gir1.2-harfbuzz-0.0:arm64 gir1.2-pango-1.0:arm64 libapr1t64:arm64
  libaprutil1t64:arm64 libcairo-gobject2:arm64
  libcairo-script-interpreter2:arm64 libcairo2-dev:arm64 libdatrie-dev:arm64
  libexpat1-dev:arm64 libfontconfig-dev:arm64 libfreetype-dev:arm64
  libfribidi-dev:arm64 libgraphite2-dev:arm64 libharfbuzz-cairo0:arm64
  libharfbuzz-dev:arm64 libharfbuzz-gobject0:arm64 libharfbuzz-icu0:arm64
  libharfbuzz-subset0:arm64 libice-dev:arm64 libice6:arm64 libicu-dev:arm64
  libicu76:arm64 libpango1.0-dev:arm64 libpangoxft-1.0-0:arm64
  libpixman-1-dev:arm64 libpng-dev:arm64 libpython3-all-dev:arm64
  libpython3-dev:arm64 libpython3.13:arm64 libpython3.13-dev:arm64
  libpython3.13-minimal:arm64 libpython3.13-stdlib:arm64 libsm-dev:arm64
  libsm6:arm64 libtcl8.6:arm64 libthai-dev:arm64 libxcb-render0-dev:arm64
  libxcb-shm0-dev:arm64 libxext-dev:arm64 libxft-dev:arm64 libxft2:arm64
  libxml2-dev:arm64 libxrender-dev:arm64 tcl-dev:arm64 tcl8.6-dev:arm64
Use 'apt autoremove' to remove them.
0 upgraded, 0 newly installed, 0 to remove and 5 not upgraded.
1 not fully installed or removed.
After this operation, 0 B of additional disk space will be used.
Setting up pve-lxc-syscalld-cross-build-deps-depends:arm64 (2.0.2) ...
make -C etc
make[1]: Entering directory '/workspaces/src/pve-lxc-syscalld/etc'
sed \
    -e 's!%LIBEXECDIR%!/usr/lib!g' \
    pve-lxc-syscalld.service.in >pve-lxc-syscalld.service.tmp
mv pve-lxc-syscalld.service.tmp pve-lxc-syscalld.service
make[1]: Leaving directory '/workspaces/src/pve-lxc-syscalld/etc'
rm -rf pve-lxc-syscalld-2.0.2 pve-lxc-syscalld-2.0.2.tmp
mkdir pve-lxc-syscalld-2.0.2.tmp
#mkdir pve-lxc-syscalld-2.0.2.tmp/.cargo
cp -a -t pve-lxc-syscalld-2.0.2.tmp src debian etc Cargo.toml Makefile defines.mk
#cp -a -t pve-lxc-syscalld-2.0.2.tmp/.cargo .cargo/config
echo "git clone git://git.proxmox.com/git/pve-lxc-syscalld.git\\ngit checkout 410afbcbd5d629533ccb407072517dbe9525f5b2" > pve-lxc-syscalld-2.0.2.tmp/debian/SOURCE
mv pve-lxc-syscalld-2.0.2.tmp pve-lxc-syscalld-2.0.2
cd pve-lxc-syscalld-2.0.2; dpkg-buildpackage -d -b -us -uc
dpkg-buildpackage: info: source package pve-lxc-syscalld
dpkg-buildpackage: info: source version 2.0.2
dpkg-buildpackage: info: source distribution trixie
dpkg-buildpackage: info: source changed by Proxmox Support Team <support@proxmox.com>
 dpkg-source --before-build .
dpkg-buildpackage: info: host architecture arm64
 debian/rules clean
make[1]: Entering directory '/workspaces/src/pve-lxc-syscalld/pve-lxc-syscalld-2.0.2'
dh clean
   dh_auto_clean
	make -j4 clean
make[2]: Entering directory '/workspaces/src/pve-lxc-syscalld/pve-lxc-syscalld-2.0.2'
make -C etc clean ;
make[3]: Entering directory '/workspaces/src/pve-lxc-syscalld/pve-lxc-syscalld-2.0.2/etc'
rm -f pve-lxc-syscalld.service
make[3]: Leaving directory '/workspaces/src/pve-lxc-syscalld/pve-lxc-syscalld-2.0.2/etc'
rm -rf ./target
rm -rf ./pve-lxc-syscalld-2.0.2
rm -f -- *.deb *.dsc *.tar.?z *.buildinfo *.build *.changes
make[2]: Leaving directory '/workspaces/src/pve-lxc-syscalld/pve-lxc-syscalld-2.0.2'
   dh_clean
make[1]: Leaving directory '/workspaces/src/pve-lxc-syscalld/pve-lxc-syscalld-2.0.2'
 debian/rules binary
make[1]: Entering directory '/workspaces/src/pve-lxc-syscalld/pve-lxc-syscalld-2.0.2'
dh binary
   dh_update_autotools_config
   dh_autoreconf
   debian/rules override_dh_auto_configure
make[2]: Entering directory '/workspaces/src/pve-lxc-syscalld/pve-lxc-syscalld-2.0.2'
/usr/share/cargo/bin/cargo prepare-debian /workspaces/src/pve-lxc-syscalld/pve-lxc-syscalld-2.0.2/debian/cargo_registry --link-from-system
debian cargo wrapper: options = ['nocheck', 'parallel=4'], profiles = ['nocheck', 'cross'], parallel = ['-j4'], lto = 
debian cargo wrapper: rust_type = aarch64-unknown-linux-gnu, gnu_type = aarch64-linux-gnu
debian cargo wrapper: linking /usr/share/cargo/registry/* into /workspaces/src/pve-lxc-syscalld/pve-lxc-syscalld-2.0.2/debian/cargo_registry/
dh_auto_configure
make[2]: Leaving directory '/workspaces/src/pve-lxc-syscalld/pve-lxc-syscalld-2.0.2'
   debian/rules override_dh_auto_build
make[2]: Entering directory '/workspaces/src/pve-lxc-syscalld/pve-lxc-syscalld-2.0.2'
dh_auto_build -- \
    LIBEXECDIR=/usr/lib/aarch64-linux-gnu
	make -j4 "INSTALL=install --strip-program=true" PKG_CONFIG=aarch64-linux-gnu-pkg-config CXX=aarch64-linux-gnu-g\+\+ CC=aarch64-linux-gnu-gcc LIBEXECDIR=/usr/lib/aarch64-linux-gnu
make[3]: Entering directory '/workspaces/src/pve-lxc-syscalld/pve-lxc-syscalld-2.0.2'
cargo --config 'build.rustflags=["-C","debuginfo=2","-C","strip=none","--cap-lints","warn"]' build --target aarch64-unknown-linux-gnu --release
make -C etc
make[4]: Entering directory '/workspaces/src/pve-lxc-syscalld/pve-lxc-syscalld-2.0.2/etc'
sed \
    -e 's!%LIBEXECDIR%!/usr/lib/aarch64-linux-gnu!g' \
    pve-lxc-syscalld.service.in >pve-lxc-syscalld.service.tmp
mv pve-lxc-syscalld.service.tmp pve-lxc-syscalld.service
make[4]: Leaving directory '/workspaces/src/pve-lxc-syscalld/pve-lxc-syscalld-2.0.2/etc'
     Locking 22 packages to latest Rust 1.85 compatible versions
   Compiling libc v0.2.169
   Compiling autocfg v1.1.0
   Compiling cfg_aliases v0.2.1
   Compiling anyhow v1.0.95
   Compiling nix v0.29.0
   Compiling bitflags v2.8.0
   Compiling bytes v1.9.0
   Compiling memoffset v0.8.0
   Compiling cfg-if v1.0.0
   Compiling pin-project-lite v0.2.13
   Compiling mio v1.0.2
   Compiling socket2 v0.5.8
   Compiling num_cpus v1.16.0
   Compiling tokio v1.43.1
   Compiling pve-lxc-syscalld v2.0.2 (/workspaces/src/pve-lxc-syscalld/pve-lxc-syscalld-2.0.2)
    Finished `release` profile [optimized + debuginfo] target(s) in 9.48s
make[3]: Leaving directory '/workspaces/src/pve-lxc-syscalld/pve-lxc-syscalld-2.0.2'
make[2]: Leaving directory '/workspaces/src/pve-lxc-syscalld/pve-lxc-syscalld-2.0.2'
dh: command-omitted: The call to "dh_auto_test" was omitted due to "DEB_BUILD_OPTIONS=nocheck"
   create-stamp debian/debhelper-build-stamp
   dh_prep
   debian/rules override_dh_auto_install
make[2]: Entering directory '/workspaces/src/pve-lxc-syscalld/pve-lxc-syscalld-2.0.2'
dh_auto_install -- \
    LIBEXECDIR=/usr/lib/aarch64-linux-gnu
	make -j4 install DESTDIR=/workspaces/src/pve-lxc-syscalld/pve-lxc-syscalld-2.0.2/debian/pve-lxc-syscalld AM_UPDATE_INFO_DIR=no "INSTALL=install --strip-program=true" LIBEXECDIR=/usr/lib/aarch64-linux-gnu
make[3]: Entering directory '/workspaces/src/pve-lxc-syscalld/pve-lxc-syscalld-2.0.2'
cargo --config 'build.rustflags=["-C","debuginfo=2","-C","strip=none","--cap-lints","warn"]' build --target aarch64-unknown-linux-gnu --release
    Finished `release` profile [optimized + debuginfo] target(s) in 0.14s
install -dm755 /workspaces/src/pve-lxc-syscalld/pve-lxc-syscalld-2.0.2/debian/pve-lxc-syscalld/usr/lib/aarch64-linux-gnu/pve-lxc-syscalld
install -m755 target/aarch64-unknown-linux-gnu/release/pve-lxc-syscalld /workspaces/src/pve-lxc-syscalld/pve-lxc-syscalld-2.0.2/debian/pve-lxc-syscalld/usr/lib/aarch64-linux-gnu/pve-lxc-syscalld/ ;
make[3]: Leaving directory '/workspaces/src/pve-lxc-syscalld/pve-lxc-syscalld-2.0.2'
make[2]: Leaving directory '/workspaces/src/pve-lxc-syscalld/pve-lxc-syscalld-2.0.2'
   dh_install
   dh_installdocs
   dh_installchangelogs
   dh_installsystemd
   dh_perl
   dh_link
   dh_strip_nondeterminism
   dh_compress
   dh_fixperms
   debian/rules override_dh_missing
make[2]: Entering directory '/workspaces/src/pve-lxc-syscalld/pve-lxc-syscalld-2.0.2'
dh_missing --fail-missing
make[2]: Leaving directory '/workspaces/src/pve-lxc-syscalld/pve-lxc-syscalld-2.0.2'
   dh_dwz -a
   dh_strip -a
   dh_makeshlibs -a
   dh_shlibdeps -a
   dh_installdeb
   dh_gencontrol
   dh_md5sums
   dh_builddeb
dpkg-deb: building package 'pve-lxc-syscalld' in '../pve-lxc-syscalld_2.0.2_arm64.deb'.
dpkg-deb: building package 'pve-lxc-syscalld-dbgsym' in '../pve-lxc-syscalld-dbgsym_2.0.2_arm64.deb'.
make[1]: Leaving directory '/workspaces/src/pve-lxc-syscalld/pve-lxc-syscalld-2.0.2'
 dpkg-genbuildinfo --build=binary -O../pve-lxc-syscalld_2.0.2_arm64.buildinfo
 dpkg-genchanges --build=binary -O../pve-lxc-syscalld_2.0.2_arm64.changes
dpkg-genchanges: info: binary-only upload (no source code included)
 dpkg-source --after-build .
dpkg-buildpackage: info: binary-only upload (no source included)
: # lintian disabled for cross build
dpkg-scanpackages: warning: Packages in archive but missing from override file:
dpkg-scanpackages: warning:   apparmor apparmor-dbgsym apparmor-notify apparmor-profiles apparmor-utils corosync corosync-dbgsym corosync-doc corosync-notifyd corosync-notifyd-dbgsym corosync-vqsim corosync-vqsim-dbgsym dh-apparmor fonts-font-logos frr frr-dbgsym frr-doc frr-pythontools frr-rpki-rtrlib frr-rpki-rtrlib-dbgsym frr-snmp frr-snmp-dbgsym frr-test-tools frr-test-tools-dbgsym ifupdown2 libapache2-mod-apparmor libapache2-mod-apparmor-dbgsym libapparmor-dev libapparmor1 libapparmor1-dbgsym libcfg-dev libcfg7 libcfg7-dbgsym libcmap-dev libcmap4 libcmap4-dbgsym libcorosync-common-dev libcorosync-common4 libcorosync-common4-dbgsym libcpg-dev libcpg4 libcpg4-dbgsym libcrypt-openssl-rsa-perl libcrypt-openssl-rsa-perl-dbgsym libjs-extjs libjs-qrcodejs libknet-dev libknet-doc libknet1t64 libknet1t64-dbgsym libnozzle-dev libnozzle1t64 libnozzle1t64-dbgsym libpam-apparmor libpam-apparmor-dbgsym libproxmox-acme-perl libproxmox-acme-plugins libproxmox-rs-perl libpve-access-control libpve-apiclient-perl libpve-cluster-api-perl libpve-cluster-perl libpve-common-perl libpve-guest-common-perl libpve-http-server-perl libpve-network-api-perl libpve-network-perl libpve-notify-perl libpve-rs-perl libpve-rs-perl-dbgsym libpve-storage-perl libquorum-dev libquorum5 libquorum5-dbgsym librrd-dev librrd8t64 librrd8t64-dbgsym librrdp-perl librrds-perl librrds-perl-dbgsym libsam-dev libsam4 libsam4-dbgsym libtpms-dev libtpms0 libtpms0-dbgsym libvotequorum-dev libvotequorum8 libvotequorum8-dbgsym pbs-i18n pdm-i18n pmg-i18n pmg-yew-quarantine-i18n proxmox-archive-keyring proxmox-widget-toolkit proxmox-widget-toolkit-dev pve-cluster pve-cluster-dbgsym pve-i18n pve-lxc-syscalld pve-lxc-syscalld-dbgsym pve-yew-mobile-i18n python3-apparmor python3-libapparmor python3-libapparmor-dbgsym rrdcached rrdcached-dbgsym rrdtool rrdtool-dbgsym rrdtool-tcl rrdtool-tcl-dbgsym smartmontools smartmontools-dbgsym swtpm swtpm-dbgsym swtpm-dev swtpm-libs swtpm-libs-dbgsym swtpm-tools swtpm-tools-dbgsym
dpkg-scanpackages: info: Wrote 120 entries to output Packages file.
Ign:1 file:/workspaces/pve/out/arm64 ./ InRelease
Ign:2 file:/workspaces/pve/out/arm64 ./ Release
Get:3 file:/workspaces/pve/out/arm64 ./ Packages
Err:3 file:/workspaces/pve/out/arm64 ./ Packages
  Read error - read (21: Is a directory)
Get:3 file:/workspaces/pve/out/arm64 ./ Packages
Err:3 file:/workspaces/pve/out/arm64 ./ Packages
  Read error - read (21: Is a directory)
Get:3 file:/workspaces/pve/out/arm64 ./ Packages
Err:3 file:/workspaces/pve/out/arm64 ./ Packages
  Read error - read (21: Is a directory)
Get:3 file:/workspaces/pve/out/arm64 ./ Packages [28.4 kB]
Hit:4 http://chinanet.mirrors.ustc.edu.cn/debian trixie InRelease
Hit:5 http://chinanet.mirrors.ustc.edu.cn/debian trixie-updates InRelease
Hit:6 http://chinanet.mirrors.ustc.edu.cn/debian-security trixie-security InRelease
Hit:7 https://chinanet.mirrors.ustc.edu.cn/proxmox/debian/devel trixie InRelease
Reading package lists...
W: Symlinking file  to /var/lib/apt/lists/partial/_workspaces_pve_out_arm64_._Packages.xz failed - pkgAcqIndex::StageDownloadDone (2: No such file or directory)
W: Symlinking file  to /var/lib/apt/lists/partial/_workspaces_pve_out_arm64_._Packages.bz2 failed - pkgAcqIndex::StageDownloadDone (2: No such file or directory)
W: Symlinking file  to /var/lib/apt/lists/partial/_workspaces_pve_out_arm64_._Packages.lzma failed - pkgAcqIndex::StageDownloadDone (2: No such file or directory)
